<?xml version="1.0" encoding="UTF-8"?>
<coverage generated="1784557905">
  <project timestamp="1784557905" name="Clover Coverage">
    <package name="App\Http\Controllers">
      <file name="/app/app/Http/Controllers/Controller.php">
        <class name="App\Http\Controllers\Controller" namespace="App\Http\Controllers">
          <metrics complexity="0" methods="0" coveredmethods="0" conditionals="0" coveredconditionals="0" statements="0" coveredstatements="0" elements="0" coveredelements="0"/>
        </class>
        <metrics loc="11" ncloc="10" classes="0" methods="0" coveredmethods="0" conditionals="0" coveredconditionals="0" statements="0" coveredstatements="0" elements="0" coveredelements="0"/>
      </file>
    </package>
    <package name="App\Models">
      <file name="/app/app/Models/Tenant.php">
        <class name="App\Models\Tenant" namespace="App\Models">
          <metrics complexity="2" methods="2" coveredmethods="2" conditionals="0" coveredconditionals="0" statements="5" coveredstatements="5" elements="7" coveredelements="7"/>
        </class>
        <line num="20" type="method" name="booted" visibility="protected" complexity="1" crap="1" count="38"/>
        <line num="25" type="stmt" count="38"/>
        <line num="26" type="stmt" count="38"/>
        <line num="29" type="method" name="casts" visibility="protected" complexity="1" crap="1" count="38"/>
        <line num="31" type="stmt" count="38"/>
        <line num="32" type="stmt" count="38"/>
        <line num="33" type="stmt" count="38"/>
        <metrics loc="36" ncloc="33" classes="1" methods="2" coveredmethods="2" conditionals="0" coveredconditionals="0" statements="5" coveredstatements="5" elements="7" coveredelements="7"/>
      </file>
    </package>
    <package name="App\Modules\Auth\Controllers\Api">
      <file name="/app/app/Modules/Auth/Controllers/Api/AuthController.php">
        <class name="App\Modules\Auth\Controllers\Api\AuthController" namespace="App\Modules\Auth\Controllers\Api">
          <metrics complexity="8" methods="6" coveredmethods="6" conditionals="0" coveredconditionals="0" statements="28" coveredstatements="28" elements="34" coveredelements="34"/>
        </class>
        <line num="16" type="method" name="__construct" visibility="public" complexity="1" crap="1" count="28"/>
        <line num="18" type="stmt" count="28"/>
        <line num="20" type="method" name="register" visibility="public" complexity="1" crap="1" count="26"/>
        <line num="22" type="stmt" count="26"/>
        <line num="24" type="stmt" count="25"/>
        <line num="26" type="stmt" count="24"/>
        <line num="27" type="stmt" count="24"/>
        <line num="28" type="stmt" count="24"/>
        <line num="29" type="stmt" count="24"/>
        <line num="30" type="stmt" count="24"/>
        <line num="33" type="method" name="login" visibility="public" complexity="1" crap="1" count="5"/>
        <line num="35" type="stmt" count="5"/>
        <line num="36" type="stmt" count="5"/>
        <line num="37" type="stmt" count="5"/>
        <line num="38" type="stmt" count="5"/>
        <line num="39" type="stmt" count="5"/>
        <line num="40" type="stmt" count="5"/>
        <line num="42" type="stmt" count="4"/>
        <line num="45" type="method" name="logout" visibility="public" complexity="1" crap="1" count="1"/>
        <line num="47" type="stmt" count="1"/>
        <line num="49" type="stmt" count="1"/>
        <line num="52" type="method" name="me" visibility="public" complexity="1" crap="1" count="1"/>
        <line num="54" type="stmt" count="1"/>
        <line num="55" type="stmt" count="1"/>
        <line num="56" type="stmt" count="1"/>
        <line num="57" type="stmt" count="1"/>
        <line num="63" type="method" name="authPayload" visibility="protected" complexity="3" crap="3" count="25"/>
        <line num="65" type="stmt" count="25"/>
        <line num="67" type="stmt" count="25"/>
        <line num="68" type="stmt" count="25"/>
        <line num="69" type="stmt" count="25"/>
        <line num="74" type="stmt" count="25"/>
        <line num="75" type="stmt" count="25"/>
        <line num="78" type="stmt" count="25"/>
        <metrics loc="81" ncloc="75" classes="1" methods="6" coveredmethods="6" conditionals="0" coveredconditionals="0" statements="28" coveredstatements="28" elements="34" coveredelements="34"/>
      </file>
      <file name="/app/app/Modules/Auth/Controllers/Api/EmailVerificationController.php">
        <class name="App\Modules\Auth\Controllers\Api\EmailVerificationController" namespace="App\Modules\Auth\Controllers\Api">
          <metrics complexity="4" methods="2" coveredmethods="1" conditionals="0" coveredconditionals="0" statements="12" coveredstatements="11" elements="14" coveredelements="12"/>
        </class>
        <line num="13" type="method" name="resend" visibility="public" complexity="2" crap="2.03" count="2"/>
        <line num="15" type="stmt" count="2"/>
        <line num="17" type="stmt" count="1"/>
        <line num="18" type="stmt" count="0"/>
        <line num="21" type="stmt" count="1"/>
        <line num="23" type="stmt" count="1"/>
        <line num="31" type="method" name="verify" visibility="public" complexity="2" crap="2" count="2"/>
        <line num="33" type="stmt" count="2"/>
        <line num="35" type="stmt" count="2"/>
        <line num="37" type="stmt" count="2"/>
        <line num="39" type="stmt" count="2"/>
        <line num="40" type="stmt" count="2"/>
        <line num="41" type="stmt" count="2"/>
        <line num="44" type="stmt" count="2"/>
        <metrics loc="47" ncloc="42" classes="1" methods="2" coveredmethods="1" conditionals="0" coveredconditionals="0" statements="12" coveredstatements="11" elements="14" coveredelements="12"/>
      </file>
      <file name="/app/app/Modules/Auth/Controllers/Api/PasswordResetController.php">
        <class name="App\Modules\Auth\Controllers\Api\PasswordResetController" namespace="App\Modules\Auth\Controllers\Api">
          <metrics complexity="3" methods="2" coveredmethods="2" conditionals="0" coveredconditionals="0" statements="15" coveredstatements="15" elements="17" coveredelements="17"/>
        </class>
        <line num="15" type="method" name="forgot" visibility="public" complexity="1" crap="1" count="2"/>
        <line num="17" type="stmt" count="2"/>
        <line num="20" type="stmt" count="2"/>
        <line num="23" type="method" name="reset" visibility="public" complexity="2" crap="2" count="3"/>
        <line num="25" type="stmt" count="3"/>
        <line num="26" type="stmt" count="3"/>
        <line num="27" type="stmt" count="3"/>
        <line num="28" type="stmt" count="2"/>
        <line num="29" type="stmt" count="2"/>
        <line num="30" type="stmt" count="2"/>
        <line num="31" type="stmt" count="2"/>
        <line num="32" type="stmt" count="2"/>
        <line num="33" type="stmt" count="3"/>
        <line num="34" type="stmt" count="3"/>
        <line num="36" type="stmt" count="3"/>
        <line num="37" type="stmt" count="2"/>
        <line num="40" type="stmt" count="2"/>
        <metrics loc="43" ncloc="42" classes="1" methods="2" coveredmethods="2" conditionals="0" coveredconditionals="0" statements="15" coveredstatements="15" elements="17" coveredelements="17"/>
      </file>
      <file name="/app/app/Modules/Auth/Controllers/Api/TokenController.php">
        <class name="App\Modules\Auth\Controllers\Api\TokenController" namespace="App\Modules\Auth\Controllers\Api">
          <metrics complexity="4" methods="4" coveredmethods="4" conditionals="0" coveredconditionals="0" statements="23" coveredstatements="23" elements="27" coveredelements="27"/>
        </class>
        <line num="18" type="method" name="index" visibility="public" complexity="1" crap="1" count="1"/>
        <line num="20" type="stmt" count="1"/>
        <line num="22" type="stmt" count="1"/>
        <line num="23" type="stmt" count="1"/>
        <line num="25" type="stmt" count="1"/>
        <line num="28" type="method" name="store" visibility="public" complexity="1" crap="1" count="1"/>
        <line num="30" type="stmt" count="1"/>
        <line num="32" type="stmt" count="1"/>
        <line num="33" type="stmt" count="1"/>
        <line num="34" type="stmt" count="1"/>
        <line num="35" type="stmt" count="1"/>
        <line num="36" type="stmt" count="1"/>
        <line num="37" type="stmt" count="1"/>
        <line num="38" type="stmt" count="1"/>
        <line num="39" type="stmt" count="1"/>
        <line num="40" type="stmt" count="1"/>
        <line num="42" type="stmt" count="1"/>
        <line num="43" type="stmt" count="1"/>
        <line num="44" type="stmt" count="1"/>
        <line num="45" type="stmt" count="1"/>
        <line num="46" type="stmt" count="1"/>
        <line num="49" type="method" name="destroy" visibility="public" complexity="1" crap="1" count="1"/>
        <line num="51" type="stmt" count="1"/>
        <line num="53" type="stmt" count="1"/>
        <line num="55" type="stmt" count="1"/>
        <line num="58" type="method" name="ensureFeatureEnabled" visibility="protected" complexity="1" crap="1" count="1"/>
        <line num="60" type="stmt" count="1"/>
        <metrics loc="63" ncloc="57" classes="1" methods="4" coveredmethods="4" conditionals="0" coveredconditionals="0" statements="23" coveredstatements="23" elements="27" coveredelements="27"/>
      </file>
      <file name="/app/app/Modules/Auth/Controllers/Api/TwoFactorController.php">
        <class name="App\Modules\Auth\Controllers\Api\TwoFactorController" namespace="App\Modules\Auth\Controllers\Api">
          <metrics complexity="9" methods="4" coveredmethods="1" conditionals="0" coveredconditionals="0" statements="33" coveredstatements="29" elements="37" coveredelements="30"/>
        </class>
        <line num="13" type="method" name="enable" visibility="public" complexity="2" crap="2.00" count="5"/>
        <line num="15" type="stmt" count="5"/>
        <line num="17" type="stmt" count="4"/>
        <line num="19" type="stmt" count="4"/>
        <line num="20" type="stmt" count="0"/>
        <line num="23" type="stmt" count="4"/>
        <line num="25" type="stmt" count="4"/>
        <line num="26" type="stmt" count="4"/>
        <line num="27" type="stmt" count="4"/>
        <line num="28" type="stmt" count="4"/>
        <line num="30" type="stmt" count="4"/>
        <line num="31" type="stmt" count="4"/>
        <line num="32" type="stmt" count="4"/>
        <line num="33" type="stmt" count="4"/>
        <line num="36" type="method" name="confirm" visibility="public" complexity="3" crap="3.02" count="4"/>
        <line num="38" type="stmt" count="4"/>
        <line num="40" type="stmt" count="4"/>
        <line num="42" type="stmt" count="4"/>
        <line num="43" type="stmt" count="0"/>
        <line num="46" type="stmt" count="4"/>
        <line num="47" type="stmt" count="1"/>
        <line num="50" type="stmt" count="3"/>
        <line num="52" type="stmt" count="3"/>
        <line num="55" type="method" name="disable" visibility="public" complexity="3" crap="3.05" count="1"/>
        <line num="57" type="stmt" count="1"/>
        <line num="59" type="stmt" count="1"/>
        <line num="61" type="stmt" count="1"/>
        <line num="62" type="stmt" count="0"/>
        <line num="65" type="stmt" count="1"/>
        <line num="66" type="stmt" count="0"/>
        <line num="69" type="stmt" count="1"/>
        <line num="70" type="stmt" count="1"/>
        <line num="71" type="stmt" count="1"/>
        <line num="72" type="stmt" count="1"/>
        <line num="74" type="stmt" count="1"/>
        <line num="77" type="method" name="ensureFeatureEnabled" visibility="protected" complexity="1" crap="1" count="5"/>
        <line num="79" type="stmt" count="5"/>
        <metrics loc="82" ncloc="82" classes="1" methods="4" coveredmethods="1" conditionals="0" coveredconditionals="0" statements="33" coveredstatements="29" elements="37" coveredelements="30"/>
      </file>
    </package>
    <package name="App\Modules\Auth\Events">
      <file name="/app/app/Modules/Auth/Events/UserRegistered.php">
        <class name="App\Modules\Auth\Events\UserRegistered" namespace="App\Modules\Auth\Events">
          <metrics complexity="1" methods="1" coveredmethods="1" conditionals="0" coveredconditionals="0" statements="1" coveredstatements="1" elements="2" coveredelements="2"/>
        </class>
        <line num="19" type="method" name="__construct" visibility="public" complexity="1" crap="1" count="25"/>
        <metrics loc="21" ncloc="16" classes="1" methods="1" coveredmethods="1" conditionals="0" coveredconditionals="0" statements="1" coveredstatements="1" elements="2" coveredelements="2"/>
      </file>
    </package>
    <package name="App\Modules\Auth\Listeners">
      <file name="/app/app/Modules/Auth/Listeners/AssignDefaultRole.php">
        <class name="App\Modules\Auth\Listeners\AssignDefaultRole" namespace="App\Modules\Auth\Listeners">
          <metrics complexity="3" methods="1" coveredmethods="1" conditionals="0" coveredconditionals="0" statements="4" coveredstatements="4" elements="5" coveredelements="5"/>
        </class>
        <line num="19" type="method" name="handle" visibility="public" complexity="3" crap="3" count="25"/>
        <line num="21" type="stmt" count="25"/>
        <line num="23" type="stmt" count="25"/>
        <line num="24" type="stmt" count="23"/>
        <line num="27" type="stmt" count="2"/>
        <metrics loc="30" ncloc="20" classes="1" methods="1" coveredmethods="1" conditionals="0" coveredconditionals="0" statements="4" coveredstatements="4" elements="5" coveredelements="5"/>
      </file>
    </package>
    <package name="App\Modules\Auth\Middleware">
      <file name="/app/app/Modules/Auth/Middleware/EnsureEmailIsVerified.php">
        <class name="App\Modules\Auth\Middleware\EnsureEmailIsVerified" namespace="App\Modules\Auth\Middleware">
          <metrics complexity="4" methods="1" coveredmethods="1" conditionals="0" coveredconditionals="0" statements="6" coveredstatements="6" elements="7" coveredelements="7"/>
        </class>
        <line num="28" type="method" name="handle" visibility="public" complexity="4" crap="4" count="3"/>
        <line num="30" type="stmt" count="3"/>
        <line num="31" type="stmt" count="1"/>
        <line num="34" type="stmt" count="2"/>
        <line num="36" type="stmt" count="2"/>
        <line num="37" type="stmt" count="1"/>
        <line num="40" type="stmt" count="1"/>
        <metrics loc="43" ncloc="27" classes="1" methods="1" coveredmethods="1" conditionals="0" coveredconditionals="0" statements="6" coveredstatements="6" elements="7" coveredelements="7"/>
      </file>
    </package>
    <package name="App\Modules\Auth\Providers">
      <file name="/app/app/Modules/Auth/Providers/AuthServiceProvider.php">
        <class name="App\Modules\Auth\Providers\AuthServiceProvider" namespace="App\Modules\Auth\Providers">
          <metrics complexity="3" methods="2" coveredmethods="1" conditionals="0" coveredconditionals="0" statements="41" coveredstatements="36" elements="43" coveredelements="37"/>
        </class>
        <line num="17" type="method" name="register" visibility="public" complexity="1" crap="1" count="280"/>
        <line num="23" type="stmt" count="280"/>
        <line num="24" type="stmt" count="280"/>
        <line num="25" type="stmt" count="280"/>
        <line num="26" type="stmt" count="280"/>
        <line num="27" type="stmt" count="280"/>
        <line num="28" type="stmt" count="280"/>
        <line num="29" type="stmt" count="280"/>
        <line num="30" type="stmt" count="280"/>
        <line num="31" type="stmt" count="280"/>
        <line num="32" type="stmt" count="280"/>
        <line num="33" type="stmt" count="280"/>
        <line num="34" type="stmt" count="280"/>
        <line num="35" type="stmt" count="280"/>
        <line num="36" type="stmt" count="280"/>
        <line num="37" type="stmt" count="280"/>
        <line num="38" type="stmt" count="280"/>
        <line num="39" type="stmt" count="280"/>
        <line num="42" type="method" name="boot" visibility="public" complexity="2" crap="2.04" count="280"/>
        <line num="45" type="stmt" count="280"/>
        <line num="50" type="stmt" count="280"/>
        <line num="52" type="stmt" count="280"/>
        <line num="53" type="stmt" count="5"/>
        <line num="54" type="stmt" count="5"/>
        <line num="55" type="stmt" count="5"/>
        <line num="56" type="stmt" count="5"/>
        <line num="57" type="stmt" count="5"/>
        <line num="58" type="stmt" count="5"/>
        <line num="59" type="stmt" count="5"/>
        <line num="60" type="stmt" count="5"/>
        <line num="61" type="stmt" count="280"/>
        <line num="67" type="stmt" count="280"/>
        <line num="68" type="stmt" count="42"/>
        <line num="70" type="stmt" count="42"/>
        <line num="71" type="stmt" count="0"/>
        <line num="72" type="stmt" count="42"/>
        <line num="73" type="stmt" count="280"/>
        <line num="76" type="stmt" count="280"/>
        <line num="77" type="stmt" count="0"/>
        <line num="78" type="stmt" count="0"/>
        <line num="79" type="stmt" count="0"/>
        <line num="80" type="stmt" count="0"/>
        <line num="81" type="stmt" count="280"/>
        <metrics loc="84" ncloc="71" classes="1" methods="2" coveredmethods="1" conditionals="0" coveredconditionals="0" statements="41" coveredstatements="36" elements="43" coveredelements="37"/>
      </file>
    </package>
    <package name="App\Modules\Auth\Requests">
      <file name="/app/app/Modules/Auth/Requests/CreateTokenRequest.php">
        <class name="App\Modules\Auth\Requests\CreateTokenRequest" namespace="App\Modules\Auth\Requests">
          <metrics complexity="1" methods="1" coveredmethods="1" conditionals="0" coveredconditionals="0" statements="5" coveredstatements="5" elements="6" coveredelements="6"/>
        </class>
        <line num="9" type="method" name="rules" visibility="public" complexity="1" crap="1" count="1"/>
        <line num="11" type="stmt" count="1"/>
        <line num="12" type="stmt" count="1"/>
        <line num="13" type="stmt" count="1"/>
        <line num="14" type="stmt" count="1"/>
        <line num="15" type="stmt" count="1"/>
        <metrics loc="18" ncloc="18" classes="1" methods="1" coveredmethods="1" conditionals="0" coveredconditionals="0" statements="5" coveredstatements="5" elements="6" coveredelements="6"/>
      </file>
      <file name="/app/app/Modules/Auth/Requests/ForgotPasswordRequest.php">
        <class name="App\Modules\Auth\Requests\ForgotPasswordRequest" namespace="App\Modules\Auth\Requests">
          <metrics complexity="1" methods="1" coveredmethods="1" conditionals="0" coveredconditionals="0" statements="3" coveredstatements="3" elements="4" coveredelements="4"/>
        </class>
        <line num="9" type="method" name="rules" visibility="public" complexity="1" crap="1" count="2"/>
        <line num="11" type="stmt" count="2"/>
        <line num="12" type="stmt" count="2"/>
        <line num="13" type="stmt" count="2"/>
        <metrics loc="16" ncloc="16" classes="1" methods="1" coveredmethods="1" conditionals="0" coveredconditionals="0" statements="3" coveredstatements="3" elements="4" coveredelements="4"/>
      </file>
      <file name="/app/app/Modules/Auth/Requests/LoginRequest.php">
        <class name="App\Modules\Auth\Requests\LoginRequest" namespace="App\Modules\Auth\Requests">
          <metrics complexity="1" methods="1" coveredmethods="1" conditionals="0" coveredconditionals="0" statements="6" coveredstatements="6" elements="7" coveredelements="7"/>
        </class>
        <line num="9" type="method" name="rules" visibility="public" complexity="1" crap="1" count="5"/>
        <line num="11" type="stmt" count="5"/>
        <line num="12" type="stmt" count="5"/>
        <line num="13" type="stmt" count="5"/>
        <line num="14" type="stmt" count="5"/>
        <line num="15" type="stmt" count="5"/>
        <line num="16" type="stmt" count="5"/>
        <metrics loc="19" ncloc="18" classes="1" methods="1" coveredmethods="1" conditionals="0" coveredconditionals="0" statements="6" coveredstatements="6" elements="7" coveredelements="7"/>
      </file>
      <file name="/app/app/Modules/Auth/Requests/RegisterRequest.php">
        <class name="App\Modules\Auth\Requests\RegisterRequest" namespace="App\Modules\Auth\Requests">
          <metrics complexity="1" methods="1" coveredmethods="1" conditionals="0" coveredconditionals="0" statements="5" coveredstatements="5" elements="6" coveredelements="6"/>
        </class>
        <line num="11" type="method" name="rules" visibility="public" complexity="1" crap="1" count="27"/>
        <line num="13" type="stmt" count="27"/>
        <line num="14" type="stmt" count="27"/>
        <line num="15" type="stmt" count="27"/>
        <line num="16" type="stmt" count="27"/>
        <line num="17" type="stmt" count="27"/>
        <metrics loc="20" ncloc="20" classes="1" methods="1" coveredmethods="1" conditionals="0" coveredconditionals="0" statements="5" coveredstatements="5" elements="6" coveredelements="6"/>
      </file>
      <file name="/app/app/Modules/Auth/Requests/ResetPasswordRequest.php">
        <class name="App\Modules\Auth\Requests\ResetPasswordRequest" namespace="App\Modules\Auth\Requests">
          <metrics complexity="1" methods="1" coveredmethods="1" conditionals="0" coveredconditionals="0" statements="5" coveredstatements="5" elements="6" coveredelements="6"/>
        </class>
        <line num="10" type="method" name="rules" visibility="public" complexity="1" crap="1" count="3"/>
        <line num="12" type="stmt" count="3"/>
        <line num="13" type="stmt" count="3"/>
        <line num="14" type="stmt" count="3"/>
        <line num="15" type="stmt" count="3"/>
        <line num="16" type="stmt" count="3"/>
        <metrics loc="19" ncloc="19" classes="1" methods="1" coveredmethods="1" conditionals="0" coveredconditionals="0" statements="5" coveredstatements="5" elements="6" coveredelements="6"/>
      </file>
      <file name="/app/app/Modules/Auth/Requests/TwoFactorCodeRequest.php">
        <class name="App\Modules\Auth\Requests\TwoFactorCodeRequest" namespace="App\Modules\Auth\Requests">
          <metrics complexity="1" methods="1" coveredmethods="1" conditionals="0" coveredconditionals="0" statements="3" coveredstatements="3" elements="4" coveredelements="4"/>
        </class>
        <line num="9" type="method" name="rules" visibility="public" complexity="1" crap="1" count="4"/>
        <line num="11" type="stmt" count="4"/>
        <line num="12" type="stmt" count="4"/>
        <line num="13" type="stmt" count="4"/>
        <metrics loc="16" ncloc="16" classes="1" methods="1" coveredmethods="1" conditionals="0" coveredconditionals="0" statements="3" coveredstatements="3" elements="4" coveredelements="4"/>
      </file>
    </package>
    <file name="/app/app/Modules/Auth/Routes/api.php">
      <line num="19" type="stmt" count="279"/>
      <line num="20" type="stmt" count="279"/>
      <line num="21" type="stmt" count="279"/>
      <line num="22" type="stmt" count="279"/>
      <line num="24" type="stmt" count="279"/>
      <line num="25" type="stmt" count="279"/>
      <line num="26" type="stmt" count="279"/>
      <line num="28" type="stmt" count="279"/>
      <line num="29" type="stmt" count="279"/>
      <line num="30" type="stmt" count="279"/>
      <line num="32" type="stmt" count="279"/>
      <line num="33" type="stmt" count="279"/>
      <line num="34" type="stmt" count="279"/>
      <line num="35" type="stmt" count="279"/>
      <line num="37" type="stmt" count="279"/>
      <line num="38" type="stmt" count="279"/>
      <line num="39" type="stmt" count="279"/>
      <line num="40" type="stmt" count="279"/>
      <line num="42" type="stmt" count="279"/>
      <line num="43" type="stmt" count="279"/>
      <line num="44" type="stmt" count="279"/>
      <line num="45" type="stmt" count="279"/>
      <line num="47" type="stmt" count="279"/>
      <line num="48" type="stmt" count="279"/>
      <line num="49" type="stmt" count="279"/>
      <line num="50" type="stmt" count="279"/>
      <line num="52" type="stmt" count="279"/>
      <line num="53" type="stmt" count="279"/>
      <line num="55" type="stmt" count="279"/>
      <line num="56" type="stmt" count="279"/>
      <line num="57" type="stmt" count="279"/>
      <line num="59" type="stmt" count="279"/>
      <line num="60" type="stmt" count="279"/>
      <line num="61" type="stmt" count="279"/>
      <line num="62" type="stmt" count="279"/>
      <line num="64" type="stmt" count="279"/>
      <line num="65" type="stmt" count="279"/>
      <line num="66" type="stmt" count="279"/>
      <line num="67" type="stmt" count="279"/>
      <line num="68" type="stmt" count="279"/>
      <metrics loc="69" ncloc="61" classes="0" methods="0" coveredmethods="0" conditionals="0" coveredconditionals="0" statements="40" coveredstatements="40" elements="40" coveredelements="40"/>
    </file>
    <file name="/app/app/Modules/Auth/Routes/dashboard.php">
      <metrics loc="13" ncloc="3" classes="0" methods="0" coveredmethods="0" conditionals="0" coveredconditionals="0" statements="0" coveredstatements="0" elements="0" coveredelements="0"/>
    </file>
    <file name="/app/app/Modules/Auth/Routes/web.php">
      <metrics loc="13" ncloc="3" classes="0" methods="0" coveredmethods="0" conditionals="0" coveredconditionals="0" statements="0" coveredstatements="0" elements="0" coveredelements="0"/>
    </file>
    <package name="App\Modules\Auth\Services">
      <file name="/app/app/Modules/Auth/Services/AuthService.php">
        <class name="App\Modules\Auth\Services\AuthService" namespace="App\Modules\Auth\Services">
          <metrics complexity="17" methods="5" coveredmethods="1" conditionals="0" coveredconditionals="0" statements="42" coveredstatements="32" elements="47" coveredelements="33"/>
        </class>
        <line num="19" type="method" name="register" visibility="public" complexity="2" crap="2" count="25"/>
        <line num="21" type="stmt" count="25"/>
        <line num="22" type="stmt" count="25"/>
        <line num="23" type="stmt" count="25"/>
        <line num="25" type="stmt" count="24"/>
        <line num="26" type="stmt" count="25"/>
        <line num="28" type="stmt" count="24"/>
        <line num="29" type="stmt" count="6"/>
        <line num="32" type="stmt" count="24"/>
        <line num="38" type="method" name="login" visibility="public" complexity="5" crap="5.93" count="5"/>
        <line num="40" type="stmt" count="5"/>
        <line num="42" type="stmt" count="5"/>
        <line num="43" type="stmt" count="1"/>
        <line num="44" type="stmt" count="1"/>
        <line num="45" type="stmt" count="1"/>
        <line num="48" type="stmt" count="4"/>
        <line num="50" type="stmt" count="4"/>
        <line num="51" type="stmt" count="0"/>
        <line num="54" type="stmt" count="0"/>
        <line num="55" type="stmt" count="0"/>
        <line num="58" type="stmt" count="0"/>
        <line num="61" type="stmt" count="4"/>
        <line num="64" type="method" name="logout" visibility="public" complexity="2" crap="2.50" count="1"/>
        <line num="66" type="stmt" count="1"/>
        <line num="67" type="stmt" count="0"/>
        <line num="69" type="stmt" count="0"/>
        <line num="72" type="stmt" count="1"/>
        <line num="75" type="method" name="verifyTwoFactor" visibility="protected" complexity="5" crap="5.68" count="4"/>
        <line num="77" type="stmt" count="4"/>
        <line num="78" type="stmt" count="3"/>
        <line num="81" type="stmt" count="1"/>
        <line num="82" type="stmt" count="1"/>
        <line num="83" type="stmt" count="1"/>
        <line num="84" type="stmt" count="1"/>
        <line num="87" type="stmt" count="1"/>
        <line num="88" type="stmt" count="0"/>
        <line num="89" type="stmt" count="0"/>
        <line num="90" type="stmt" count="0"/>
        <line num="94" type="method" name="issueToken" visibility="protected" complexity="3" crap="3.02" count="25"/>
        <line num="96" type="stmt" count="25"/>
        <line num="97" type="stmt" count="0"/>
        <line num="100" type="stmt" count="25"/>
        <line num="102" type="stmt" count="25"/>
        <line num="103" type="stmt" count="25"/>
        <line num="104" type="stmt" count="25"/>
        <line num="105" type="stmt" count="25"/>
        <line num="106" type="stmt" count="25"/>
        <metrics loc="109" ncloc="101" classes="1" methods="5" coveredmethods="1" conditionals="0" coveredconditionals="0" statements="42" coveredstatements="32" elements="47" coveredelements="33"/>
      </file>
    </package>
    <package name="App\Modules\Auth\Support">
      <file name="/app/app/Modules/Auth/Support/Totp.php">
        <class name="App\Modules\Auth\Support\Totp" namespace="App\Modules\Auth\Support">
          <metrics complexity="14" methods="6" coveredmethods="5" conditionals="0" coveredconditionals="0" statements="38" coveredstatements="37" elements="44" coveredelements="42"/>
        </class>
        <line num="18" type="method" name="generateSecret" visibility="public" complexity="1" crap="1" count="5"/>
        <line num="20" type="stmt" count="5"/>
        <line num="23" type="method" name="code" visibility="public" complexity="1" crap="1" count="6"/>
        <line num="25" type="stmt" count="6"/>
        <line num="26" type="stmt" count="6"/>
        <line num="28" type="stmt" count="6"/>
        <line num="30" type="stmt" count="6"/>
        <line num="31" type="stmt" count="6"/>
        <line num="32" type="stmt" count="6"/>
        <line num="33" type="stmt" count="6"/>
        <line num="34" type="stmt" count="6"/>
        <line num="35" type="stmt" count="6"/>
        <line num="36" type="stmt" count="6"/>
        <line num="38" type="stmt" count="6"/>
        <line num="44" type="method" name="verify" visibility="public" complexity="3" crap="3" count="5"/>
        <line num="46" type="stmt" count="5"/>
        <line num="48" type="stmt" count="5"/>
        <line num="49" type="stmt" count="5"/>
        <line num="50" type="stmt" count="4"/>
        <line num="54" type="stmt" count="2"/>
        <line num="60" type="method" name="uri" visibility="public" complexity="1" crap="1" count="5"/>
        <line num="62" type="stmt" count="5"/>
        <line num="63" type="stmt" count="5"/>
        <line num="65" type="stmt" count="5"/>
        <line num="68" type="method" name="base32Encode" visibility="protected" complexity="3" crap="3" count="5"/>
        <line num="70" type="stmt" count="5"/>
        <line num="71" type="stmt" count="5"/>
        <line num="72" type="stmt" count="5"/>
        <line num="75" type="stmt" count="5"/>
        <line num="76" type="stmt" count="5"/>
        <line num="77" type="stmt" count="5"/>
        <line num="80" type="stmt" count="5"/>
        <line num="83" type="method" name="base32Decode" visibility="protected" complexity="5" crap="5.02" count="6"/>
        <line num="85" type="stmt" count="6"/>
        <line num="86" type="stmt" count="6"/>
        <line num="87" type="stmt" count="6"/>
        <line num="88" type="stmt" count="6"/>
        <line num="89" type="stmt" count="0"/>
        <line num="91" type="stmt" count="6"/>
        <line num="94" type="stmt" count="6"/>
        <line num="95" type="stmt" count="6"/>
        <line num="96" type="stmt" count="6"/>
        <line num="97" type="stmt" count="6"/>
        <line num="101" type="stmt" count="6"/>
        <metrics loc="104" ncloc="92" classes="1" methods="6" coveredmethods="5" conditionals="0" coveredconditionals="0" statements="38" coveredstatements="37" elements="44" coveredelements="42"/>
      </file>
      <file name="/app/app/Modules/Auth/Support/UserUuidPasswordBrokerManager.php">
        <class name="App\Modules\Auth\Support\UserUuidPasswordBrokerManager" namespace="App\Modules\Auth\Support">
          <metrics complexity="4" methods="1" coveredmethods="0" conditionals="0" coveredconditionals="0" statements="14" coveredstatements="13" elements="15" coveredelements="13"/>
        </class>
        <line num="11" type="method" name="createTokenRepository" visibility="protected" complexity="4" crap="4.01" count="6"/>
        <line num="13" type="stmt" count="6"/>
        <line num="14" type="stmt" count="0"/>
        <line num="17" type="stmt" count="6"/>
        <line num="19" type="stmt" count="6"/>
        <line num="20" type="stmt" count="6"/>
        <line num="21" type="stmt" count="6"/>
        <line num="24" type="stmt" count="6"/>
        <line num="25" type="stmt" count="6"/>
        <line num="26" type="stmt" count="6"/>
        <line num="27" type="stmt" count="6"/>
        <line num="28" type="stmt" count="6"/>
        <line num="29" type="stmt" count="6"/>
        <line num="30" type="stmt" count="6"/>
        <line num="31" type="stmt" count="6"/>
        <metrics loc="34" ncloc="34" classes="1" methods="1" coveredmethods="0" conditionals="0" coveredconditionals="0" statements="14" coveredstatements="13" elements="15" coveredelements="13"/>
      </file>
      <file name="/app/app/Modules/Auth/Support/UserUuidTokenRepository.php">
        <class name="App\Modules\Auth\Support\UserUuidTokenRepository" namespace="App\Modules\Auth\Support">
          <metrics complexity="11" methods="5" coveredmethods="4" conditionals="0" coveredconditionals="0" statements="23" coveredstatements="22" elements="28" coveredelements="26"/>
        </class>
        <line num="13" type="method" name="create" visibility="public" complexity="1" crap="1" count="4"/>
        <line num="15" type="stmt" count="4"/>
        <line num="16" type="stmt" count="4"/>
        <line num="18" type="stmt" count="4"/>
        <line num="19" type="stmt" count="4"/>
        <line num="20" type="stmt" count="4"/>
        <line num="21" type="stmt" count="4"/>
        <line num="22" type="stmt" count="4"/>
        <line num="23" type="stmt" count="4"/>
        <line num="25" type="stmt" count="4"/>
        <line num="28" type="method" name="deleteExisting" visibility="protected" complexity="1" crap="1" count="4"/>
        <line num="30" type="stmt" count="4"/>
        <line num="33" type="method" name="exists" visibility="public" complexity="3" crap="3" count="3"/>
        <line num="35" type="stmt" count="3"/>
        <line num="36" type="stmt" count="3"/>
        <line num="37" type="stmt" count="3"/>
        <line num="39" type="stmt" count="3"/>
        <line num="40" type="stmt" count="3"/>
        <line num="41" type="stmt" count="3"/>
        <line num="44" type="method" name="recentlyCreatedToken" visibility="public" complexity="2" crap="2" count="1"/>
        <line num="46" type="stmt" count="1"/>
        <line num="47" type="stmt" count="1"/>
        <line num="48" type="stmt" count="1"/>
        <line num="50" type="stmt" count="1"/>
        <line num="53" type="method" name="userUuid" visibility="protected" complexity="4" crap="4.59" count="5"/>
        <line num="55" type="stmt" count="5"/>
        <line num="56" type="stmt" count="0"/>
        <line num="59" type="stmt" count="5"/>
        <metrics loc="62" ncloc="62" classes="1" methods="5" coveredmethods="4" conditionals="0" coveredconditionals="0" statements="23" coveredstatements="22" elements="28" coveredelements="26"/>
      </file>
    </package>
    <package name="App\Modules\Core\Commands">
      <file name="/app/app/Modules/Core/Commands/BackfillTenantDataCommand.php">
        <class name="App\Modules\Core\Commands\BackfillTenantDataCommand" namespace="App\Modules\Core\Commands">
          <metrics complexity="20" methods="2" coveredmethods="0" conditionals="0" coveredconditionals="0" statements="54" coveredstatements="40" elements="56" coveredelements="40"/>
        </class>
        <line num="22" type="method" name="handle" visibility="public" complexity="15" crap="16.12" count="2"/>
        <line num="24" type="stmt" count="2"/>
        <line num="25" type="stmt" count="0"/>
        <line num="27" type="stmt" count="0"/>
        <line num="30" type="stmt" count="2"/>
        <line num="31" type="stmt" count="2"/>
        <line num="32" type="stmt" count="0"/>
        <line num="35" type="stmt" count="2"/>
        <line num="36" type="stmt" count="2"/>
        <line num="37" type="stmt" count="2"/>
        <line num="38" type="stmt" count="2"/>
        <line num="39" type="stmt" count="2"/>
        <line num="41" type="stmt" count="2"/>
        <line num="42" type="stmt" count="2"/>
        <line num="43" type="stmt" count="2"/>
        <line num="45" type="stmt" count="2"/>
        <line num="46" type="stmt" count="1"/>
        <line num="47" type="stmt" count="1"/>
        <line num="49" type="stmt" count="1"/>
        <line num="52" type="stmt" count="1"/>
        <line num="53" type="stmt" count="1"/>
        <line num="54" type="stmt" count="1"/>
        <line num="57" type="stmt" count="2"/>
        <line num="59" type="stmt" count="2"/>
        <line num="60" type="stmt" count="1"/>
        <line num="62" type="stmt" count="1"/>
        <line num="65" type="stmt" count="1"/>
        <line num="66" type="stmt" count="0"/>
        <line num="68" type="stmt" count="0"/>
        <line num="71" type="stmt" count="1"/>
        <line num="72" type="stmt" count="1"/>
        <line num="73" type="stmt" count="1"/>
        <line num="74" type="stmt" count="0"/>
        <line num="76" type="stmt" count="0"/>
        <line num="79" type="stmt" count="1"/>
        <line num="80" type="stmt" count="1"/>
        <line num="81" type="stmt" count="1"/>
        <line num="83" type="stmt" count="1"/>
        <line num="84" type="stmt" count="1"/>
        <line num="87" type="stmt" count="1"/>
        <line num="89" type="stmt" count="1"/>
        <line num="91" type="stmt" count="1"/>
        <line num="94" type="method" name="targetTenantId" visibility="protected" complexity="5" crap="8.90" count="2"/>
        <line num="96" type="stmt" count="2"/>
        <line num="97" type="stmt" count="0"/>
        <line num="99" type="stmt" count="0"/>
        <line num="100" type="stmt" count="0"/>
        <line num="103" type="stmt" count="0"/>
        <line num="106" type="stmt" count="2"/>
        <line num="107" type="stmt" count="2"/>
        <line num="108" type="stmt" count="0"/>
        <line num="110" type="stmt" count="0"/>
        <line num="113" type="stmt" count="2"/>
        <line num="114" type="stmt" count="2"/>
        <line num="115" type="stmt" count="0"/>
        <line num="118" type="stmt" count="2"/>
        <metrics loc="121" ncloc="121" classes="1" methods="2" coveredmethods="0" conditionals="0" coveredconditionals="0" statements="54" coveredstatements="40" elements="56" coveredelements="40"/>
      </file>
      <file name="/app/app/Modules/Core/Commands/CheckTenantDataCommand.php">
        <class name="App\Modules\Core\Commands\CheckTenantDataCommand" namespace="App\Modules\Core\Commands">
          <metrics complexity="8" methods="1" coveredmethods="0" conditionals="0" coveredconditionals="0" statements="25" coveredstatements="17" elements="26" coveredelements="17"/>
        </class>
        <line num="17" type="method" name="handle" visibility="public" complexity="8" crap="10.10" count="1"/>
        <line num="19" type="stmt" count="1"/>
        <line num="20" type="stmt" count="0"/>
        <line num="22" type="stmt" count="0"/>
        <line num="25" type="stmt" count="1"/>
        <line num="26" type="stmt" count="1"/>
        <line num="27" type="stmt" count="1"/>
        <line num="29" type="stmt" count="1"/>
        <line num="30" type="stmt" count="1"/>
        <line num="32" type="stmt" count="1"/>
        <line num="33" type="stmt" count="0"/>
        <line num="34" type="stmt" count="0"/>
        <line num="36" type="stmt" count="0"/>
        <line num="39" type="stmt" count="1"/>
        <line num="40" type="stmt" count="0"/>
        <line num="41" type="stmt" count="0"/>
        <line num="43" type="stmt" count="0"/>
        <line num="46" type="stmt" count="1"/>
        <line num="47" type="stmt" count="1"/>
        <line num="48" type="stmt" count="1"/>
        <line num="51" type="stmt" count="1"/>
        <line num="53" type="stmt" count="1"/>
        <line num="54" type="stmt" count="1"/>
        <line num="56" type="stmt" count="1"/>
        <line num="59" type="stmt" count="1"/>
        <line num="61" type="stmt" count="1"/>
        <metrics loc="64" ncloc="64" classes="1" methods="1" coveredmethods="0" conditionals="0" coveredconditionals="0" statements="25" coveredstatements="17" elements="26" coveredelements="17"/>
      </file>
      <file name="/app/app/Modules/Core/Commands/MakeModuleCommand.php">
        <class name="App\Modules\Core\Commands\MakeModuleCommand" namespace="App\Modules\Core\Commands">
          <metrics complexity="48" methods="21" coveredmethods="14" conditionals="0" coveredconditionals="0" statements="304" coveredstatements="228" elements="325" coveredelements="242"/>
        </class>
        <line num="51" type="method" name="handle" visibility="public" complexity="5" crap="5.10" count="6"/>
        <line num="53" type="stmt" count="6"/>
        <line num="55" type="stmt" count="6"/>
        <line num="57" type="stmt" count="6"/>
        <line num="58" type="stmt" count="0"/>
        <line num="60" type="stmt" count="0"/>
        <line num="63" type="stmt" count="6"/>
        <line num="64" type="stmt" count="6"/>
        <line num="65" type="stmt" count="6"/>
        <line num="66" type="stmt" count="6"/>
        <line num="67" type="stmt" count="6"/>
        <line num="69" type="stmt" count="6"/>
        <line num="70" type="stmt" count="6"/>
        <line num="71" type="stmt" count="6"/>
        <line num="72" type="stmt" count="6"/>
        <line num="73" type="stmt" count="6"/>
        <line num="76" type="stmt" count="6"/>
        <line num="78" type="stmt" count="6"/>
        <line num="79" type="stmt" count="0"/>
        <line num="80" type="stmt" count="0"/>
        <line num="83" type="stmt" count="6"/>
        <line num="84" type="stmt" count="6"/>
        <line num="85" type="stmt" count="6"/>
        <line num="87" type="stmt" count="6"/>
        <line num="89" type="stmt" count="6"/>
        <line num="90" type="stmt" count="6"/>
        <line num="92" type="stmt" count="6"/>
        <line num="93" type="stmt" count="6"/>
        <line num="94" type="stmt" count="6"/>
        <line num="95" type="stmt" count="6"/>
        <line num="97" type="stmt" count="0"/>
        <line num="100" type="stmt" count="6"/>
        <line num="105" type="method" name="gatherInteractively" visibility="protected" complexity="6" crap="6.02" count="6"/>
        <line num="107" type="stmt" count="6"/>
        <line num="108" type="stmt" count="6"/>
        <line num="109" type="stmt" count="6"/>
        <line num="110" type="stmt" count="6"/>
        <line num="111" type="stmt" count="6"/>
        <line num="112" type="stmt" count="0"/>
        <line num="113" type="stmt" count="6"/>
        <line num="114" type="stmt" count="6"/>
        <line num="116" type="stmt" count="6"/>
        <line num="117" type="stmt" count="6"/>
        <line num="118" type="stmt" count="6"/>
        <line num="119" type="stmt" count="6"/>
        <line num="120" type="stmt" count="6"/>
        <line num="122" type="stmt" count="6"/>
        <line num="123" type="stmt" count="6"/>
        <line num="124" type="stmt" count="6"/>
        <line num="125" type="stmt" count="6"/>
        <line num="126" type="stmt" count="6"/>
        <line num="127" type="stmt" count="6"/>
        <line num="128" type="stmt" count="6"/>
        <line num="129" type="stmt" count="6"/>
        <line num="130" type="stmt" count="0"/>
        <line num="131" type="stmt" count="6"/>
        <line num="132" type="stmt" count="0"/>
        <line num="133" type="stmt" count="6"/>
        <line num="134" type="stmt" count="6"/>
        <line num="136" type="stmt" count="6"/>
        <line num="137" type="stmt" count="6"/>
        <line num="139" type="stmt" count="6"/>
        <line num="140" type="stmt" count="6"/>
        <line num="141" type="stmt" count="6"/>
        <line num="142" type="stmt" count="6"/>
        <line num="143" type="stmt" count="6"/>
        <line num="144" type="stmt" count="6"/>
        <line num="145" type="stmt" count="6"/>
        <line num="146" type="stmt" count="6"/>
        <line num="147" type="stmt" count="6"/>
        <line num="148" type="stmt" count="6"/>
        <line num="150" type="stmt" count="6"/>
        <line num="153" type="method" name="prepareNames" visibility="protected" complexity="1" crap="1" count="6"/>
        <line num="155" type="stmt" count="6"/>
        <line num="156" type="stmt" count="6"/>
        <line num="157" type="stmt" count="6"/>
        <line num="158" type="stmt" count="6"/>
        <line num="159" type="stmt" count="6"/>
        <line num="160" type="stmt" count="6"/>
        <line num="161" type="stmt" count="6"/>
        <line num="162" type="stmt" count="6"/>
        <line num="173" type="method" name="recordOwnership" visibility="protected" complexity="4" crap="4.10" count="6"/>
        <line num="175" type="stmt" count="6"/>
        <line num="176" type="stmt" count="5"/>
        <line num="179" type="stmt" count="1"/>
        <line num="181" type="stmt" count="1"/>
        <line num="182" type="stmt" count="0"/>
        <line num="185" type="stmt" count="1"/>
        <line num="186" type="stmt" count="1"/>
        <line num="188" type="stmt" count="1"/>
        <line num="189" type="stmt" count="0"/>
        <line num="192" type="stmt" count="1"/>
        <line num="193" type="stmt" count="1"/>
        <line num="198" type="method" name="makeExtras" visibility="protected" complexity="5" crap="5" count="6"/>
        <line num="200" type="stmt" count="6"/>
        <line num="201" type="stmt" count="6"/>
        <line num="202" type="stmt" count="6"/>
        <line num="203" type="stmt" count="6"/>
        <line num="204" type="stmt" count="6"/>
        <line num="205" type="stmt" count="6"/>
        <line num="206" type="stmt" count="6"/>
        <line num="207" type="stmt" count="6"/>
        <line num="208" type="stmt" count="6"/>
        <line num="209" type="stmt" count="6"/>
        <line num="211" type="stmt" count="6"/>
        <line num="215" type="method" name="createDirectories" visibility="protected" complexity="2" crap="2" count="6"/>
        <line num="217" type="stmt" count="6"/>
        <line num="218" type="stmt" count="6"/>
        <line num="224" type="method" name="makeServiceProvider" visibility="protected" complexity="1" crap="1" count="6"/>
        <line num="226" type="stmt" count="6"/>
        <line num="228" type="stmt" count="6"/>
        <line num="229" type="stmt" count="6"/>
        <line num="231" type="stmt" count="6"/>
        <line num="235" type="stmt" count="6"/>
        <line num="243" type="stmt" count="6"/>
        <line num="245" type="stmt" count="6"/>
        <line num="250" type="method" name="makeModel" visibility="protected" complexity="1" crap="1" count="6"/>
        <line num="252" type="stmt" count="6"/>
        <line num="254" type="stmt" count="6"/>
        <line num="255" type="stmt" count="6"/>
        <line num="257" type="stmt" count="6"/>
        <line num="262" type="stmt" count="6"/>
        <line num="266" type="stmt" count="6"/>
        <line num="279" type="stmt" count="6"/>
        <line num="281" type="stmt" count="6"/>
        <line num="286" type="method" name="makeRepository" visibility="protected" complexity="1" crap="1" count="6"/>
        <line num="288" type="stmt" count="6"/>
        <line num="289" type="stmt" count="6"/>
        <line num="291" type="stmt" count="6"/>
        <line num="292" type="stmt" count="6"/>
        <line num="294" type="stmt" count="6"/>
        <line num="297" type="stmt" count="6"/>
        <line num="299" type="stmt" count="6"/>
        <line num="301" type="stmt" count="6"/>
        <line num="307" type="stmt" count="6"/>
        <line num="309" type="stmt" count="6"/>
        <line num="314" type="method" name="makeService" visibility="protected" complexity="1" crap="1" count="6"/>
        <line num="316" type="stmt" count="6"/>
        <line num="317" type="stmt" count="6"/>
        <line num="319" type="stmt" count="6"/>
        <line num="320" type="stmt" count="6"/>
        <line num="322" type="stmt" count="6"/>
        <line num="325" type="stmt" count="6"/>
        <line num="327" type="stmt" count="6"/>
        <line num="329" type="stmt" count="6"/>
        <line num="335" type="stmt" count="6"/>
        <line num="337" type="stmt" count="6"/>
        <line num="342" type="method" name="makeApiController" visibility="protected" complexity="1" crap="1" count="6"/>
        <line num="344" type="stmt" count="6"/>
        <line num="345" type="stmt" count="6"/>
        <line num="346" type="stmt" count="6"/>
        <line num="347" type="stmt" count="6"/>
        <line num="348" type="stmt" count="6"/>
        <line num="349" type="stmt" count="6"/>
        <line num="350" type="stmt" count="6"/>
        <line num="352" type="stmt" count="6"/>
        <line num="353" type="stmt" count="6"/>
        <line num="355" type="stmt" count="6"/>
        <line num="358" type="stmt" count="6"/>
        <line num="359" type="stmt" count="6"/>
        <line num="360" type="stmt" count="6"/>
        <line num="361" type="stmt" count="6"/>
        <line num="362" type="stmt" count="6"/>
        <line num="365" type="stmt" count="6"/>
        <line num="368" type="stmt" count="6"/>
        <line num="371" type="stmt" count="6"/>
        <line num="373" type="stmt" count="6"/>
        <line num="376" type="stmt" count="6"/>
        <line num="377" type="stmt" count="6"/>
        <line num="381" type="stmt" count="6"/>
        <line num="383" type="stmt" count="6"/>
        <line num="386" type="stmt" count="6"/>
        <line num="387" type="stmt" count="6"/>
        <line num="394" type="stmt" count="6"/>
        <line num="397" type="stmt" count="6"/>
        <line num="398" type="stmt" count="6"/>
        <line num="402" type="stmt" count="6"/>
        <line num="404" type="stmt" count="6"/>
        <line num="407" type="stmt" count="6"/>
        <line num="408" type="stmt" count="6"/>
        <line num="414" type="stmt" count="6"/>
        <line num="416" type="stmt" count="6"/>
        <line num="420" type="stmt" count="6"/>
        <line num="422" type="stmt" count="6"/>
        <line num="427" type="method" name="makeWebController" visibility="protected" complexity="1" crap="2" count="0"/>
        <line num="429" type="stmt" count="0"/>
        <line num="430" type="stmt" count="0"/>
        <line num="431" type="stmt" count="0"/>
        <line num="432" type="stmt" count="0"/>
        <line num="434" type="stmt" count="0"/>
        <line num="435" type="stmt" count="0"/>
        <line num="437" type="stmt" count="0"/>
        <line num="440" type="stmt" count="0"/>
        <line num="441" type="stmt" count="0"/>
        <line num="442" type="stmt" count="0"/>
        <line num="446" type="stmt" count="0"/>
        <line num="449" type="stmt" count="0"/>
        <line num="454" type="stmt" count="0"/>
        <line num="456" type="stmt" count="0"/>
        <line num="461" type="stmt" count="0"/>
        <line num="464" type="stmt" count="0"/>
        <line num="466" type="stmt" count="0"/>
        <line num="468" type="stmt" count="0"/>
        <line num="469" type="stmt" count="0"/>
        <line num="474" type="stmt" count="0"/>
        <line num="476" type="stmt" count="0"/>
        <line num="481" type="stmt" count="0"/>
        <line num="483" type="stmt" count="0"/>
        <line num="486" type="stmt" count="0"/>
        <line num="488" type="stmt" count="0"/>
        <line num="490" type="stmt" count="0"/>
        <line num="491" type="stmt" count="0"/>
        <line num="496" type="stmt" count="0"/>
        <line num="498" type="stmt" count="0"/>
        <line num="499" type="stmt" count="0"/>
        <line num="503" type="stmt" count="0"/>
        <line num="505" type="stmt" count="0"/>
        <line num="510" type="method" name="makeApiRoutes" visibility="protected" complexity="1" crap="1" count="6"/>
        <line num="512" type="stmt" count="6"/>
        <line num="514" type="stmt" count="6"/>
        <line num="515" type="stmt" count="6"/>
        <line num="517" type="stmt" count="6"/>
        <line num="522" type="stmt" count="6"/>
        <line num="535" type="stmt" count="6"/>
        <line num="536" type="stmt" count="6"/>
        <line num="537" type="stmt" count="6"/>
        <line num="538" type="stmt" count="6"/>
        <line num="539" type="stmt" count="6"/>
        <line num="540" type="stmt" count="6"/>
        <line num="543" type="stmt" count="6"/>
        <line num="545" type="stmt" count="6"/>
        <line num="548" type="method" name="makePermissionsConfig" visibility="protected" complexity="1" crap="1" count="6"/>
        <line num="550" type="stmt" count="6"/>
        <line num="551" type="stmt" count="6"/>
        <line num="555" type="stmt" count="6"/>
        <line num="564" type="stmt" count="6"/>
        <line num="573" type="stmt" count="6"/>
        <line num="574" type="stmt" count="6"/>
        <line num="575" type="stmt" count="6"/>
        <line num="576" type="stmt" count="6"/>
        <line num="581" type="stmt" count="6"/>
        <line num="583" type="stmt" count="6"/>
        <line num="586" type="method" name="makeWebRoutes" visibility="protected" complexity="1" crap="2" count="0"/>
        <line num="588" type="stmt" count="0"/>
        <line num="590" type="stmt" count="0"/>
        <line num="591" type="stmt" count="0"/>
        <line num="593" type="stmt" count="0"/>
        <line num="598" type="stmt" count="0"/>
        <line num="609" type="stmt" count="0"/>
        <line num="610" type="stmt" count="0"/>
        <line num="611" type="stmt" count="0"/>
        <line num="612" type="stmt" count="0"/>
        <line num="613" type="stmt" count="0"/>
        <line num="614" type="stmt" count="0"/>
        <line num="615" type="stmt" count="0"/>
        <line num="616" type="stmt" count="0"/>
        <line num="619" type="stmt" count="0"/>
        <line num="621" type="stmt" count="0"/>
        <line num="624" type="method" name="makeDashboardRoutes" visibility="protected" complexity="2" crap="3.28" count="6"/>
        <line num="626" type="stmt" count="6"/>
        <line num="627" type="stmt" count="6"/>
        <line num="628" type="stmt" count="6"/>
        <line num="632" type="stmt" count="6"/>
        <line num="641" type="stmt" count="6"/>
        <line num="643" type="stmt" count="6"/>
        <line num="646" type="stmt" count="0"/>
        <line num="648" type="stmt" count="0"/>
        <line num="649" type="stmt" count="0"/>
        <line num="651" type="stmt" count="0"/>
        <line num="656" type="stmt" count="0"/>
        <line num="666" type="stmt" count="0"/>
        <line num="667" type="stmt" count="0"/>
        <line num="668" type="stmt" count="0"/>
        <line num="669" type="stmt" count="0"/>
        <line num="670" type="stmt" count="0"/>
        <line num="671" type="stmt" count="0"/>
        <line num="674" type="stmt" count="0"/>
        <line num="676" type="stmt" count="0"/>
        <line num="681" type="method" name="makeFetchRequest" visibility="protected" complexity="1" crap="1" count="6"/>
        <line num="683" type="stmt" count="6"/>
        <line num="685" type="stmt" count="6"/>
        <line num="686" type="stmt" count="6"/>
        <line num="688" type="stmt" count="6"/>
        <line num="692" type="stmt" count="6"/>
        <line num="702" type="stmt" count="6"/>
        <line num="704" type="stmt" count="6"/>
        <line num="707" type="method" name="makeRequests" visibility="protected" complexity="2" crap="2" count="6"/>
        <line num="709" type="stmt" count="6"/>
        <line num="710" type="stmt" count="6"/>
        <line num="712" type="stmt" count="6"/>
        <line num="713" type="stmt" count="6"/>
        <line num="715" type="stmt" count="6"/>
        <line num="719" type="stmt" count="6"/>
        <line num="729" type="stmt" count="6"/>
        <line num="731" type="stmt" count="6"/>
        <line num="737" type="method" name="makeResource" visibility="protected" complexity="1" crap="1" count="6"/>
        <line num="739" type="stmt" count="6"/>
        <line num="741" type="stmt" count="6"/>
        <line num="742" type="stmt" count="6"/>
        <line num="744" type="stmt" count="6"/>
        <line num="749" type="stmt" count="6"/>
        <line num="761" type="stmt" count="6"/>
        <line num="763" type="stmt" count="6"/>
        <line num="768" type="method" name="write" visibility="protected" complexity="1" crap="1" count="6"/>
        <line num="770" type="stmt" count="6"/>
        <line num="772" type="stmt" count="6"/>
        <line num="773" type="stmt" count="6"/>
        <line num="775" type="stmt" count="6"/>
        <line num="778" type="method" name="cleanContent" visibility="protected" complexity="9" crap="13.27" count="6"/>
        <line num="780" type="stmt" count="6"/>
        <line num="782" type="stmt" count="6"/>
        <line num="783" type="stmt" count="0"/>
        <line num="786" type="stmt" count="6"/>
        <line num="787" type="stmt" count="6"/>
        <line num="788" type="stmt" count="6"/>
        <line num="789" type="stmt" count="0"/>
        <line num="791" type="stmt" count="6"/>
        <line num="792" type="stmt" count="0"/>
        <line num="794" type="stmt" count="6"/>
        <line num="795" type="stmt" count="6"/>
        <line num="799" type="stmt" count="6"/>
        <line num="800" type="stmt" count="0"/>
        <line num="801" type="stmt" count="0"/>
        <line num="802" type="stmt" count="0"/>
        <line num="807" type="stmt" count="6"/>
        <metrics loc="810" ncloc="789" classes="1" methods="21" coveredmethods="14" conditionals="0" coveredconditionals="0" statements="304" coveredstatements="228" elements="325" coveredelements="242"/>
      </file>
      <file name="/app/app/Modules/Core/Commands/MakePackageCommand.php">
        <class name="App\Modules\Core\Commands\MakePackageCommand" namespace="App\Modules\Core\Commands">
          <metrics complexity="9" methods="6" coveredmethods="5" conditionals="0" coveredconditionals="0" statements="91" coveredstatements="89" elements="97" coveredelements="94"/>
        </class>
        <line num="19" type="method" name="handle" visibility="public" complexity="4" crap="4.00" count="1"/>
        <line num="21" type="stmt" count="1"/>
        <line num="23" type="stmt" count="1"/>
        <line num="24" type="stmt" count="1"/>
        <line num="25" type="stmt" count="1"/>
        <line num="26" type="stmt" count="1"/>
        <line num="27" type="stmt" count="1"/>
        <line num="29" type="stmt" count="1"/>
        <line num="30" type="stmt" count="1"/>
        <line num="32" type="stmt" count="1"/>
        <line num="33" type="stmt" count="1"/>
        <line num="35" type="stmt" count="1"/>
        <line num="36" type="stmt" count="1"/>
        <line num="37" type="stmt" count="1"/>
        <line num="39" type="stmt" count="1"/>
        <line num="40" type="stmt" count="1"/>
        <line num="41" type="stmt" count="1"/>
        <line num="43" type="stmt" count="1"/>
        <line num="44" type="stmt" count="0"/>
        <line num="46" type="stmt" count="0"/>
        <line num="49" type="stmt" count="1"/>
        <line num="50" type="stmt" count="1"/>
        <line num="51" type="stmt" count="1"/>
        <line num="52" type="stmt" count="1"/>
        <line num="54" type="stmt" count="1"/>
        <line num="55" type="stmt" count="1"/>
        <line num="56" type="stmt" count="1"/>
        <line num="57" type="stmt" count="1"/>
        <line num="58" type="stmt" count="1"/>
        <line num="59" type="stmt" count="1"/>
        <line num="61" type="stmt" count="1"/>
        <line num="62" type="stmt" count="1"/>
        <line num="63" type="stmt" count="1"/>
        <line num="64" type="stmt" count="1"/>
        <line num="66" type="stmt" count="1"/>
        <line num="69" type="method" name="writeComposerJson" visibility="protected" complexity="1" crap="1" count="1"/>
        <line num="71" type="stmt" count="1"/>
        <line num="72" type="stmt" count="1"/>
        <line num="73" type="stmt" count="1"/>
        <line num="74" type="stmt" count="1"/>
        <line num="75" type="stmt" count="1"/>
        <line num="76" type="stmt" count="1"/>
        <line num="77" type="stmt" count="1"/>
        <line num="78" type="stmt" count="1"/>
        <line num="79" type="stmt" count="1"/>
        <line num="80" type="stmt" count="1"/>
        <line num="81" type="stmt" count="1"/>
        <line num="82" type="stmt" count="1"/>
        <line num="83" type="stmt" count="1"/>
        <line num="84" type="stmt" count="1"/>
        <line num="85" type="stmt" count="1"/>
        <line num="86" type="stmt" count="1"/>
        <line num="87" type="stmt" count="1"/>
        <line num="88" type="stmt" count="1"/>
        <line num="89" type="stmt" count="1"/>
        <line num="90" type="stmt" count="1"/>
        <line num="91" type="stmt" count="1"/>
        <line num="92" type="stmt" count="1"/>
        <line num="93" type="stmt" count="1"/>
        <line num="94" type="stmt" count="1"/>
        <line num="95" type="stmt" count="1"/>
        <line num="96" type="stmt" count="1"/>
        <line num="97" type="stmt" count="1"/>
        <line num="98" type="stmt" count="1"/>
        <line num="100" type="stmt" count="1"/>
        <line num="101" type="stmt" count="1"/>
        <line num="102" type="stmt" count="1"/>
        <line num="103" type="stmt" count="1"/>
        <line num="105" type="stmt" count="1"/>
        <line num="108" type="method" name="writeServiceProvider" visibility="protected" complexity="1" crap="1" count="1"/>
        <line num="110" type="stmt" count="1"/>
        <line num="111" type="stmt" count="1"/>
        <line num="113" type="stmt" count="1"/>
        <line num="117" type="stmt" count="1"/>
        <line num="121" type="stmt" count="1"/>
        <line num="129" type="stmt" count="1"/>
        <line num="130" type="stmt" count="1"/>
        <line num="134" type="stmt" count="1"/>
        <line num="136" type="stmt" count="1"/>
        <line num="137" type="stmt" count="1"/>
        <line num="140" type="method" name="writeConfig" visibility="protected" complexity="1" crap="1" count="1"/>
        <line num="142" type="stmt" count="1"/>
        <line num="143" type="stmt" count="1"/>
        <line num="147" type="stmt" count="1"/>
        <line num="151" type="stmt" count="1"/>
        <line num="153" type="stmt" count="1"/>
        <line num="154" type="stmt" count="1"/>
        <line num="157" type="method" name="writeReadme" visibility="protected" complexity="1" crap="1" count="1"/>
        <line num="159" type="stmt" count="1"/>
        <line num="160" type="stmt" count="1"/>
        <line num="162" type="stmt" count="1"/>
        <line num="169" type="stmt" count="1"/>
        <line num="171" type="stmt" count="1"/>
        <line num="173" type="stmt" count="1"/>
        <line num="174" type="stmt" count="1"/>
        <line num="177" type="method" name="envKey" visibility="protected" complexity="1" crap="1" count="1"/>
        <line num="179" type="stmt" count="1"/>
        <metrics loc="182" ncloc="182" classes="1" methods="6" coveredmethods="5" conditionals="0" coveredconditionals="0" statements="91" coveredstatements="89" elements="97" coveredelements="94"/>
      </file>
      <file name="/app/app/Modules/Core/Commands/ModuleBoundariesCommand.php">
        <class name="App\Modules\Core\Commands\ModuleBoundariesCommand" namespace="App\Modules\Core\Commands">
          <metrics complexity="25" methods="2" coveredmethods="0" conditionals="0" coveredconditionals="0" statements="68" coveredstatements="50" elements="70" coveredelements="50"/>
        </class>
        <line num="16" type="method" name="handle" visibility="public" complexity="20" crap="26.97" count="1"/>
        <line num="18" type="stmt" count="1"/>
        <line num="19" type="stmt" count="1"/>
        <line num="20" type="stmt" count="1"/>
        <line num="22" type="stmt" count="1"/>
        <line num="23" type="stmt" count="1"/>
        <line num="25" type="stmt" count="1"/>
        <line num="26" type="stmt" count="0"/>
        <line num="29" type="stmt" count="1"/>
        <line num="30" type="stmt" count="1"/>
        <line num="31" type="stmt" count="0"/>
        <line num="36" type="stmt" count="1"/>
        <line num="37" type="stmt" count="1"/>
        <line num="38" type="stmt" count="0"/>
        <line num="40" type="stmt" count="0"/>
        <line num="41" type="stmt" count="1"/>
        <line num="42" type="stmt" count="1"/>
        <line num="44" type="stmt" count="1"/>
        <line num="45" type="stmt" count="0"/>
        <line num="46" type="stmt" count="0"/>
        <line num="50" type="stmt" count="1"/>
        <line num="51" type="stmt" count="1"/>
        <line num="53" type="stmt" count="1"/>
        <line num="54" type="stmt" count="1"/>
        <line num="57" type="stmt" count="1"/>
        <line num="59" type="stmt" count="1"/>
        <line num="60" type="stmt" count="1"/>
        <line num="61" type="stmt" count="0"/>
        <line num="64" type="stmt" count="1"/>
        <line num="65" type="stmt" count="1"/>
        <line num="66" type="stmt" count="0"/>
        <line num="67" type="stmt" count="0"/>
        <line num="68" type="stmt" count="0"/>
        <line num="69" type="stmt" count="0"/>
        <line num="70" type="stmt" count="0"/>
        <line num="76" type="stmt" count="1"/>
        <line num="77" type="stmt" count="1"/>
        <line num="78" type="stmt" count="1"/>
        <line num="79" type="stmt" count="1"/>
        <line num="80" type="stmt" count="1"/>
        <line num="81" type="stmt" count="1"/>
        <line num="82" type="stmt" count="1"/>
        <line num="85" type="stmt" count="1"/>
        <line num="86" type="stmt" count="1"/>
        <line num="87" type="stmt" count="1"/>
        <line num="88" type="stmt" count="1"/>
        <line num="89" type="stmt" count="1"/>
        <line num="90" type="stmt" count="1"/>
        <line num="96" type="stmt" count="1"/>
        <line num="97" type="stmt" count="0"/>
        <line num="99" type="stmt" count="0"/>
        <line num="102" type="stmt" count="1"/>
        <line num="103" type="stmt" count="1"/>
        <line num="104" type="stmt" count="1"/>
        <line num="106" type="stmt" count="1"/>
        <line num="113" type="method" name="cycles" visibility="protected" complexity="5" crap="5.58" count="1"/>
        <line num="115" type="stmt" count="1"/>
        <line num="117" type="stmt" count="1"/>
        <line num="118" type="stmt" count="1"/>
        <line num="119" type="stmt" count="1"/>
        <line num="120" type="stmt" count="0"/>
        <line num="121" type="stmt" count="0"/>
        <line num="122" type="stmt" count="0"/>
        <line num="124" type="stmt" count="0"/>
        <line num="127" type="stmt" count="1"/>
        <line num="128" type="stmt" count="1"/>
        <line num="131" type="stmt" count="1"/>
        <line num="133" type="stmt" count="1"/>
        <line num="134" type="stmt" count="1"/>
        <line num="137" type="stmt" count="1"/>
        <metrics loc="140" ncloc="136" classes="1" methods="2" coveredmethods="0" conditionals="0" coveredconditionals="0" statements="68" coveredstatements="50" elements="70" coveredelements="50"/>
      </file>
      <file name="/app/app/Modules/Core/Commands/ModuleDeleteCommand.php">
        <class name="App\Modules\Core\Commands\ModuleDeleteCommand" namespace="App\Modules\Core\Commands">
          <metrics complexity="9" methods="2" coveredmethods="0" conditionals="0" coveredconditionals="0" statements="29" coveredstatements="0" elements="31" coveredelements="0"/>
        </class>
        <line num="22" type="method" name="handle" visibility="public" complexity="7" crap="56" count="0"/>
        <line num="24" type="stmt" count="0"/>
        <line num="25" type="stmt" count="0"/>
        <line num="26" type="stmt" count="0"/>
        <line num="28" type="stmt" count="0"/>
        <line num="29" type="stmt" count="0"/>
        <line num="31" type="stmt" count="0"/>
        <line num="34" type="stmt" count="0"/>
        <line num="35" type="stmt" count="0"/>
        <line num="37" type="stmt" count="0"/>
        <line num="40" type="stmt" count="0"/>
        <line num="42" type="stmt" count="0"/>
        <line num="43" type="stmt" count="0"/>
        <line num="45" type="stmt" count="0"/>
        <line num="48" type="stmt" count="0"/>
        <line num="49" type="stmt" count="0"/>
        <line num="51" type="stmt" count="0"/>
        <line num="54" type="stmt" count="0"/>
        <line num="55" type="stmt" count="0"/>
        <line num="56" type="stmt" count="0"/>
        <line num="58" type="stmt" count="0"/>
        <line num="59" type="stmt" count="0"/>
        <line num="61" type="stmt" count="0"/>
        <line num="64" type="method" name="askForModule" visibility="protected" complexity="2" crap="6" count="0"/>
        <line num="66" type="stmt" count="0"/>
        <line num="67" type="stmt" count="0"/>
        <line num="68" type="stmt" count="0"/>
        <line num="69" type="stmt" count="0"/>
        <line num="71" type="stmt" count="0"/>
        <line num="72" type="stmt" count="0"/>
        <line num="75" type="stmt" count="0"/>
        <metrics loc="78" ncloc="78" classes="1" methods="2" coveredmethods="0" conditionals="0" coveredconditionals="0" statements="29" coveredstatements="0" elements="31" coveredelements="0"/>
      </file>
      <file name="/app/app/Modules/Core/Commands/ModuleDisableCommand.php">
        <class name="App\Modules\Core\Commands\ModuleDisableCommand" namespace="App\Modules\Core\Commands">
          <metrics complexity="7" methods="2" coveredmethods="0" conditionals="0" coveredconditionals="0" statements="20" coveredstatements="0" elements="22" coveredelements="0"/>
        </class>
        <line num="18" type="method" name="handle" visibility="public" complexity="5" crap="30" count="0"/>
        <line num="20" type="stmt" count="0"/>
        <line num="21" type="stmt" count="0"/>
        <line num="22" type="stmt" count="0"/>
        <line num="24" type="stmt" count="0"/>
        <line num="25" type="stmt" count="0"/>
        <line num="27" type="stmt" count="0"/>
        <line num="30" type="stmt" count="0"/>
        <line num="31" type="stmt" count="0"/>
        <line num="33" type="stmt" count="0"/>
        <line num="36" type="stmt" count="0"/>
        <line num="37" type="stmt" count="0"/>
        <line num="39" type="stmt" count="0"/>
        <line num="42" type="stmt" count="0"/>
        <line num="43" type="stmt" count="0"/>
        <line num="45" type="stmt" count="0"/>
        <line num="47" type="stmt" count="0"/>
        <line num="50" type="method" name="askForModule" visibility="protected" complexity="2" crap="6" count="0"/>
        <line num="52" type="stmt" count="0"/>
        <line num="54" type="stmt" count="0"/>
        <line num="55" type="stmt" count="0"/>
        <line num="58" type="stmt" count="0"/>
        <metrics loc="61" ncloc="61" classes="1" methods="2" coveredmethods="0" conditionals="0" coveredconditionals="0" statements="20" coveredstatements="0" elements="22" coveredelements="0"/>
      </file>
      <file name="/app/app/Modules/Core/Commands/ModuleEnableCommand.php">
        <class name="App\Modules\Core\Commands\ModuleEnableCommand" namespace="App\Modules\Core\Commands">
          <metrics complexity="8" methods="2" coveredmethods="0" conditionals="0" coveredconditionals="0" statements="23" coveredstatements="0" elements="25" coveredelements="0"/>
        </class>
        <line num="19" type="method" name="handle" visibility="public" complexity="5" crap="30" count="0"/>
        <line num="21" type="stmt" count="0"/>
        <line num="22" type="stmt" count="0"/>
        <line num="23" type="stmt" count="0"/>
        <line num="25" type="stmt" count="0"/>
        <line num="26" type="stmt" count="0"/>
        <line num="28" type="stmt" count="0"/>
        <line num="31" type="stmt" count="0"/>
        <line num="32" type="stmt" count="0"/>
        <line num="34" type="stmt" count="0"/>
        <line num="37" type="stmt" count="0"/>
        <line num="38" type="stmt" count="0"/>
        <line num="40" type="stmt" count="0"/>
        <line num="43" type="stmt" count="0"/>
        <line num="44" type="stmt" count="0"/>
        <line num="46" type="stmt" count="0"/>
        <line num="48" type="stmt" count="0"/>
        <line num="51" type="method" name="askForModule" visibility="protected" complexity="3" crap="12" count="0"/>
        <line num="53" type="stmt" count="0"/>
        <line num="54" type="stmt" count="0"/>
        <line num="55" type="stmt" count="0"/>
        <line num="56" type="stmt" count="0"/>
        <line num="58" type="stmt" count="0"/>
        <line num="59" type="stmt" count="0"/>
        <line num="62" type="stmt" count="0"/>
        <metrics loc="65" ncloc="65" classes="1" methods="2" coveredmethods="0" conditionals="0" coveredconditionals="0" statements="23" coveredstatements="0" elements="25" coveredelements="0"/>
      </file>
      <file name="/app/app/Modules/Core/Commands/ModuleListCommand.php">
        <class name="App\Modules\Core\Commands\ModuleListCommand" namespace="App\Modules\Core\Commands">
          <metrics complexity="9" methods="2" coveredmethods="0" conditionals="0" coveredconditionals="0" statements="34" coveredstatements="0" elements="36" coveredelements="0"/>
        </class>
        <line num="15" type="method" name="handle" visibility="public" complexity="7" crap="56" count="0"/>
        <line num="17" type="stmt" count="0"/>
        <line num="19" type="stmt" count="0"/>
        <line num="20" type="stmt" count="0"/>
        <line num="21" type="stmt" count="0"/>
        <line num="22" type="stmt" count="0"/>
        <line num="23" type="stmt" count="0"/>
        <line num="24" type="stmt" count="0"/>
        <line num="25" type="stmt" count="0"/>
        <line num="26" type="stmt" count="0"/>
        <line num="27" type="stmt" count="0"/>
        <line num="28" type="stmt" count="0"/>
        <line num="30" type="stmt" count="0"/>
        <line num="31" type="stmt" count="0"/>
        <line num="32" type="stmt" count="0"/>
        <line num="33" type="stmt" count="0"/>
        <line num="34" type="stmt" count="0"/>
        <line num="35" type="stmt" count="0"/>
        <line num="36" type="stmt" count="0"/>
        <line num="37" type="stmt" count="0"/>
        <line num="38" type="stmt" count="0"/>
        <line num="39" type="stmt" count="0"/>
        <line num="41" type="stmt" count="0"/>
        <line num="42" type="stmt" count="0"/>
        <line num="44" type="stmt" count="0"/>
        <line num="47" type="stmt" count="0"/>
        <line num="48" type="stmt" count="0"/>
        <line num="49" type="stmt" count="0"/>
        <line num="50" type="stmt" count="0"/>
        <line num="52" type="stmt" count="0"/>
        <line num="53" type="stmt" count="0"/>
        <line num="54" type="stmt" count="0"/>
        <line num="57" type="stmt" count="0"/>
        <line num="60" type="method" name="countFiles" visibility="protected" complexity="2" crap="6" count="0"/>
        <line num="62" type="stmt" count="0"/>
        <line num="64" type="stmt" count="0"/>
        <metrics loc="67" ncloc="67" classes="1" methods="2" coveredmethods="0" conditionals="0" coveredconditionals="0" statements="34" coveredstatements="0" elements="36" coveredelements="0"/>
      </file>
      <file name="/app/app/Modules/Core/Commands/ModuleMakeCommand.php">
        <class name="App\Modules\Core\Commands\ModuleMakeCommand" namespace="App\Modules\Core\Commands">
          <metrics complexity="82" methods="25" coveredmethods="1" conditionals="0" coveredconditionals="0" statements="317" coveredstatements="76" elements="342" coveredelements="77"/>
        </class>
        <line num="40" type="method" name="handle" visibility="public" complexity="22" crap="132.46" count="6"/>
        <line num="42" type="stmt" count="6"/>
        <line num="44" type="stmt" count="6"/>
        <line num="46" type="stmt" count="6"/>
        <line num="47" type="stmt" count="0"/>
        <line num="49" type="stmt" count="0"/>
        <line num="52" type="stmt" count="6"/>
        <line num="53" type="stmt" count="6"/>
        <line num="55" type="stmt" count="6"/>
        <line num="56" type="stmt" count="0"/>
        <line num="58" type="stmt" count="0"/>
        <line num="61" type="stmt" count="6"/>
        <line num="62" type="stmt" count="6"/>
        <line num="64" type="stmt" count="6"/>
        <line num="65" type="stmt" count="0"/>
        <line num="66" type="stmt" count="6"/>
        <line num="67" type="stmt" count="0"/>
        <line num="68" type="stmt" count="0"/>
        <line num="69" type="stmt" count="0"/>
        <line num="70" type="stmt" count="0"/>
        <line num="71" type="stmt" count="0"/>
        <line num="72" type="stmt" count="0"/>
        <line num="73" type="stmt" count="0"/>
        <line num="74" type="stmt" count="0"/>
        <line num="75" type="stmt" count="0"/>
        <line num="76" type="stmt" count="0"/>
        <line num="77" type="stmt" count="0"/>
        <line num="78" type="stmt" count="0"/>
        <line num="79" type="stmt" count="0"/>
        <line num="80" type="stmt" count="0"/>
        <line num="81" type="stmt" count="6"/>
        <line num="82" type="stmt" count="0"/>
        <line num="83" type="stmt" count="6"/>
        <line num="85" type="stmt" count="6"/>
        <line num="86" type="stmt" count="0"/>
        <line num="88" type="stmt" count="0"/>
        <line num="91" type="stmt" count="6"/>
        <line num="96" type="method" name="askForModule" visibility="protected" complexity="2" crap="6" count="0"/>
        <line num="98" type="stmt" count="0"/>
        <line num="99" type="stmt" count="0"/>
        <line num="100" type="stmt" count="0"/>
        <line num="101" type="stmt" count="0"/>
        <line num="103" type="stmt" count="0"/>
        <line num="104" type="stmt" count="0"/>
        <line num="107" type="stmt" count="0"/>
        <line num="110" type="method" name="askForName" visibility="protected" complexity="2" crap="6" count="0"/>
        <line num="112" type="stmt" count="0"/>
        <line num="113" type="stmt" count="0"/>
        <line num="114" type="stmt" count="0"/>
        <line num="115" type="stmt" count="0"/>
        <line num="116" type="stmt" count="0"/>
        <line num="121" type="method" name="makeModel" visibility="protected" complexity="3" crap="12" count="0"/>
        <line num="123" type="stmt" count="0"/>
        <line num="125" type="stmt" count="0"/>
        <line num="126" type="stmt" count="0"/>
        <line num="128" type="stmt" count="0"/>
        <line num="129" type="stmt" count="0"/>
        <line num="131" type="stmt" count="0"/>
[...]
        <line num="53" type="stmt" count="0"/>
        <line num="56" type="method" name="findOrCreate" visibility="public" complexity="1" crap="1" count="69"/>
        <line num="58" type="stmt" count="69"/>
        <line num="60" type="stmt" count="69"/>
        <line num="61" type="stmt" count="69"/>
        <line num="62" type="stmt" count="69"/>
        <line num="65" type="method" name="defaultGuardName" visibility="protected" complexity="1" crap="1" count="71"/>
        <line num="67" type="stmt" count="71"/>
        <metrics loc="70" ncloc="64" classes="1" methods="6" coveredmethods="5" conditionals="0" coveredconditionals="0" statements="21" coveredstatements="20" elements="27" coveredelements="25"/>
      </file>
      <file name="/app/app/Vendor/Permission/src/Models/Role.php">
        <class name="Local\Permission\Models\Role" namespace="Local\Permission\Models">
          <metrics complexity="14" methods="11" coveredmethods="11" conditionals="0" coveredconditionals="0" statements="40" coveredstatements="40" elements="51" coveredelements="51"/>
        </class>
        <line num="25" type="method" name="booted" visibility="protected" complexity="1" crap="1" count="64"/>
        <line num="27" type="stmt" count="64"/>
        <line num="28" type="stmt" count="45"/>
        <line num="29" type="stmt" count="64"/>
        <line num="31" type="stmt" count="64"/>
        <line num="32" type="stmt" count="64"/>
        <line num="35" type="method" name="__construct" visibility="public" complexity="1" crap="1" count="64"/>
        <line num="37" type="stmt" count="64"/>
        <line num="39" type="stmt" count="64"/>
        <line num="42" type="method" name="permissions" visibility="public" complexity="1" crap="1" count="32"/>
        <line num="44" type="stmt" count="32"/>
        <line num="45" type="stmt" count="32"/>
        <line num="46" type="stmt" count="32"/>
        <line num="47" type="stmt" count="32"/>
        <line num="48" type="stmt" count="32"/>
        <line num="49" type="stmt" count="32"/>
        <line num="55" type="method" name="givePermissionTo" visibility="public" complexity="1" crap="1" count="13"/>
        <line num="57" type="stmt" count="13"/>
        <line num="58" type="stmt" count="13"/>
        <line num="60" type="stmt" count="13"/>
        <line num="66" type="method" name="revokePermissionTo" visibility="public" complexity="1" crap="1" count="1"/>
        <line num="68" type="stmt" count="1"/>
        <line num="69" type="stmt" count="1"/>
        <line num="71" type="stmt" count="1"/>
        <line num="77" type="method" name="syncPermissions" visibility="public" complexity="1" crap="1" count="20"/>
        <line num="79" type="stmt" count="20"/>
        <line num="80" type="stmt" count="20"/>
        <line num="82" type="stmt" count="20"/>
        <line num="85" type="method" name="hasPermissionTo" visibility="public" complexity="2" crap="2" count="7"/>
        <line num="87" type="stmt" count="7"/>
        <line num="89" type="stmt" count="7"/>
        <line num="92" type="method" name="findByName" visibility="public" complexity="2" crap="2" count="8"/>
        <line num="94" type="stmt" count="8"/>
        <line num="96" type="stmt" count="8"/>
        <line num="98" type="stmt" count="8"/>
        <line num="99" type="stmt" count="1"/>
        <line num="102" type="stmt" count="7"/>
        <line num="105" type="method" name="findOrCreate" visibility="public" complexity="1" crap="1" count="45"/>
        <line num="107" type="stmt" count="45"/>
        <line num="109" type="stmt" count="45"/>
        <line num="110" type="stmt" count="45"/>
        <line num="111" type="stmt" count="45"/>
        <line num="114" type="method" name="defaultGuardName" visibility="protected" complexity="1" crap="1" count="46"/>
        <line num="116" type="stmt" count="46"/>
        <line num="123" type="method" name="resolvePermissionIds" visibility="protected" complexity="2" crap="2" count="32"/>
        <line num="125" type="stmt" count="32"/>
        <line num="126" type="stmt" count="32"/>
        <line num="127" type="stmt" count="32"/>
        <line num="128" type="stmt" count="9"/>
        <line num="129" type="stmt" count="32"/>
        <line num="130" type="stmt" count="32"/>
        <metrics loc="133" ncloc="110" classes="1" methods="11" coveredmethods="11" conditionals="0" coveredconditionals="0" statements="40" coveredstatements="40" elements="51" coveredelements="51"/>
      </file>
    </package>
    <package name="Local\Permission">
      <file name="/app/app/Vendor/Permission/src/PermissionServiceProvider.php">
        <class name="Local\Permission\PermissionServiceProvider" namespace="Local\Permission">
          <metrics complexity="6" methods="3" coveredmethods="2" conditionals="0" coveredconditionals="0" statements="22" coveredstatements="21" elements="25" coveredelements="23"/>
        </class>
        <line num="17" type="method" name="register" visibility="public" complexity="1" crap="1" count="280"/>
        <line num="19" type="stmt" count="280"/>
        <line num="21" type="stmt" count="280"/>
        <line num="22" type="stmt" count="280"/>
        <line num="25" type="method" name="boot" visibility="public" complexity="2" crap="2" count="280"/>
        <line num="27" type="stmt" count="280"/>
        <line num="29" type="stmt" count="280"/>
        <line num="30" type="stmt" count="280"/>
        <line num="31" type="stmt" count="280"/>
        <line num="33" type="stmt" count="280"/>
        <line num="34" type="stmt" count="280"/>
        <line num="35" type="stmt" count="280"/>
        <line num="36" type="stmt" count="280"/>
        <line num="38" type="stmt" count="280"/>
        <line num="40" type="stmt" count="280"/>
        <line num="41" type="stmt" count="280"/>
        <line num="42" type="stmt" count="280"/>
        <line num="43" type="stmt" count="280"/>
        <line num="44" type="stmt" count="280"/>
        <line num="63" type="method" name="registerGateHook" visibility="protected" complexity="3" crap="3.07" count="280"/>
        <line num="65" type="stmt" count="280"/>
        <line num="66" type="stmt" count="6"/>
        <line num="67" type="stmt" count="0"/>
        <line num="70" type="stmt" count="6"/>
        <line num="71" type="stmt" count="280"/>
        <metrics loc="74" ncloc="59" classes="1" methods="3" coveredmethods="2" conditionals="0" coveredconditionals="0" statements="22" coveredstatements="21" elements="25" coveredelements="23"/>
      </file>
    </package>
    <package name="Local\Permission\Support">
      <file name="/app/app/Vendor/Permission/src/Support/DefinitionLoader.php">
        <class name="Local\Permission\Support\DefinitionLoader" namespace="Local\Permission\Support">
          <metrics complexity="12" methods="4" coveredmethods="3" conditionals="0" coveredconditionals="0" statements="24" coveredstatements="23" elements="28" coveredelements="26"/>
        </class>
        <line num="25" type="method" name="permissions" visibility="public" complexity="2" crap="2" count="24"/>
        <line num="27" type="stmt" count="24"/>
        <line num="29" type="stmt" count="24"/>
        <line num="30" type="stmt" count="15"/>
        <line num="33" type="stmt" count="24"/>
        <line num="41" type="method" name="roles" visibility="public" complexity="3" crap="3" count="24"/>
        <line num="43" type="stmt" count="24"/>
        <line num="45" type="stmt" count="24"/>
        <line num="46" type="stmt" count="15"/>
        <line num="47" type="stmt" count="3"/>
        <line num="48" type="stmt" count="3"/>
        <line num="49" type="stmt" count="3"/>
        <line num="53" type="stmt" count="24"/>
        <line num="61" type="method" name="paths" visibility="public" complexity="4" crap="4.05" count="27"/>
        <line num="63" type="stmt" count="27"/>
        <line num="65" type="stmt" count="27"/>
        <line num="66" type="stmt" count="19"/>
        <line num="67" type="stmt" count="0"/>
        <line num="68" type="stmt" count="19"/>
        <line num="70" type="stmt" count="19"/>
        <line num="73" type="stmt" count="27"/>
        <line num="79" type="method" name="fileDefinitions" visibility="protected" complexity="3" crap="3" count="27"/>
        <line num="81" type="stmt" count="27"/>
        <line num="83" type="stmt" count="27"/>
        <line num="84" type="stmt" count="18"/>
        <line num="86" type="stmt" count="18"/>
        <line num="87" type="stmt" count="18"/>
        <line num="91" type="stmt" count="27"/>
        <metrics loc="94" ncloc="63" classes="1" methods="4" coveredmethods="3" conditionals="0" coveredconditionals="0" statements="24" coveredstatements="23" elements="28" coveredelements="26"/>
      </file>
      <file name="/app/app/Vendor/Permission/src/Support/PermissionRegistry.php">
        <class name="Local\Permission\Support\PermissionRegistry" namespace="Local\Permission\Support">
          <metrics complexity="6" methods="4" coveredmethods="4" conditionals="0" coveredconditionals="0" statements="21" coveredstatements="21" elements="25" coveredelements="25"/>
        </class>
        <line num="22" type="method" name="permissionNamesForRole" visibility="public" complexity="1" crap="1" count="15"/>
        <line num="24" type="stmt" count="15"/>
        <line num="30" type="method" name="map" visibility="protected" complexity="3" crap="3" count="15"/>
        <line num="32" type="stmt" count="15"/>
        <line num="33" type="stmt" count="3"/>
        <line num="36" type="stmt" count="15"/>
        <line num="37" type="stmt" count="14"/>
        <line num="38" type="stmt" count="14"/>
        <line num="39" type="stmt" count="14"/>
        <line num="40" type="stmt" count="14"/>
        <line num="41" type="stmt" count="14"/>
        <line num="42" type="stmt" count="1"/>
        <line num="44" type="stmt" count="15"/>
        <line num="45" type="stmt" count="15"/>
        <line num="57" type="method" name="loadFromDatabase" visibility="protected" complexity="1" crap="1" count="15"/>
        <line num="59" type="stmt" count="15"/>
        <line num="61" type="stmt" count="15"/>
        <line num="62" type="stmt" count="15"/>
        <line num="63" type="stmt" count="15"/>
        <line num="64" type="stmt" count="15"/>
        <line num="65" type="stmt" count="15"/>
        <line num="66" type="stmt" count="15"/>
        <line num="69" type="method" name="forgetCache" visibility="public" complexity="1" crap="1" count="45"/>
        <line num="71" type="stmt" count="45"/>
        <line num="72" type="stmt" count="45"/>
        <metrics loc="75" ncloc="54" classes="1" methods="4" coveredmethods="4" conditionals="0" coveredconditionals="0" statements="21" coveredstatements="21" elements="25" coveredelements="25"/>
      </file>
    </package>
    <package name="Local\Permission\Traits">
      <file name="/app/app/Vendor/Permission/src/Traits/HasPermissions.php">
        <class name="Local\Permission\Traits\HasPermissions" namespace="Local\Permission\Traits">
          <metrics complexity="20" methods="11" coveredmethods="8" conditionals="0" coveredconditionals="0" statements="39" coveredstatements="35" elements="50" coveredelements="43"/>
        </class>
        <line num="24" type="method" name="permissions" visibility="public" complexity="1" crap="1" count="51"/>
        <line num="26" type="stmt" count="51"/>
        <line num="27" type="stmt" count="51"/>
        <line num="28" type="stmt" count="51"/>
        <line num="29" type="stmt" count="51"/>
        <line num="30" type="stmt" count="51"/>
        <line num="31" type="stmt" count="51"/>
        <line num="32" type="stmt" count="51"/>
        <line num="41" type="method" name="permissionClass" visibility="protected" complexity="3" crap="3" count="51"/>
        <line num="43" type="stmt" count="51"/>
        <line num="45" type="stmt" count="51"/>
        <line num="46" type="stmt" count="51"/>
        <line num="47" type="stmt" count="51"/>
        <line num="53" type="method" name="givePermissionTo" visibility="public" complexity="1" crap="1" count="38"/>
        <line num="55" type="stmt" count="38"/>
        <line num="56" type="stmt" count="38"/>
        <line num="58" type="stmt" count="38"/>
        <line num="64" type="method" name="revokePermissionTo" visibility="public" complexity="1" crap="1" count="1"/>
        <line num="66" type="stmt" count="1"/>
        <line num="67" type="stmt" count="1"/>
        <line num="69" type="stmt" count="1"/>
        <line num="75" type="method" name="syncPermissions" visibility="public" complexity="1" crap="1" count="1"/>
        <line num="77" type="stmt" count="1"/>
        <line num="78" type="stmt" count="1"/>
        <line num="80" type="stmt" count="1"/>
        <line num="83" type="method" name="hasDirectPermission" visibility="public" complexity="2" crap="2" count="45"/>
        <line num="85" type="stmt" count="45"/>
        <line num="87" type="stmt" count="45"/>
        <line num="95" type="method" name="hasPermissionTo" visibility="public" complexity="2" crap="6" count="0"/>
        <line num="97" type="stmt" count="0"/>
        <line num="99" type="stmt" count="0"/>
        <line num="105" type="method" name="hasAnyPermission" visibility="public" complexity="3" crap="3" count="36"/>
        <line num="107" type="stmt" count="36"/>
        <line num="108" type="stmt" count="36"/>
        <line num="109" type="stmt" count="32"/>
        <line num="113" type="stmt" count="5"/>
        <line num="119" type="method" name="hasAllPermissions" visibility="public" complexity="3" crap="3" count="1"/>
        <line num="121" type="stmt" count="1"/>
        <line num="122" type="stmt" count="1"/>
        <line num="123" type="stmt" count="1"/>
        <line num="127" type="stmt" count="1"/>
        <line num="136" type="method" name="getAllPermissions" visibility="public" complexity="1" crap="2" count="0"/>
        <line num="138" type="stmt" count="0"/>
        <line num="145" type="method" name="resolvePermissionIds" visibility="protected" complexity="2" crap="2.02" count="38"/>
        <line num="147" type="stmt" count="38"/>
        <line num="148" type="stmt" count="38"/>
        <line num="149" type="stmt" count="38"/>
        <line num="150" type="stmt" count="0"/>
        <line num="151" type="stmt" count="38"/>
        <line num="152" type="stmt" count="38"/>
        <metrics loc="155" ncloc="107" classes="1" methods="11" coveredmethods="8" conditionals="0" coveredconditionals="0" statements="39" coveredstatements="35" elements="50" coveredelements="43"/>
      </file>
      <file name="/app/app/Vendor/Permission/src/Traits/HasRoles.php">
        <class name="Local\Permission\Traits\HasRoles" namespace="Local\Permission\Traits">
          <metrics complexity="15" methods="10" coveredmethods="10" conditionals="0" coveredconditionals="0" statements="35" coveredstatements="35" elements="45" coveredelements="45"/>
        </class>
        <line num="18" type="method" name="roles" visibility="public" complexity="1" crap="1" count="39"/>
        <line num="20" type="stmt" count="39"/>
        <line num="21" type="stmt" count="39"/>
        <line num="22" type="stmt" count="39"/>
        <line num="23" type="stmt" count="39"/>
        <line num="24" type="stmt" count="39"/>
        <line num="25" type="stmt" count="39"/>
        <line num="26" type="stmt" count="39"/>
        <line num="35" type="method" name="roleClass" visibility="protected" complexity="3" crap="3" count="39"/>
        <line num="37" type="stmt" count="39"/>
        <line num="39" type="stmt" count="39"/>
        <line num="40" type="stmt" count="39"/>
        <line num="41" type="stmt" count="39"/>
        <line num="47" type="method" name="assignRole" visibility="public" complexity="1" crap="1" count="22"/>
        <line num="49" type="stmt" count="22"/>
        <line num="50" type="stmt" count="22"/>
        <line num="52" type="stmt" count="22"/>
        <line num="58" type="method" name="removeRole" visibility="public" complexity="1" crap="1" count="1"/>
        <line num="60" type="stmt" count="1"/>
        <line num="61" type="stmt" count="1"/>
        <line num="63" type="stmt" count="1"/>
        <line num="69" type="method" name="syncRoles" visibility="public" complexity="1" crap="1" count="1"/>
        <line num="71" type="stmt" count="1"/>
        <line num="72" type="stmt" count="1"/>
        <line num="74" type="stmt" count="1"/>
        <line num="77" type="method" name="hasRole" visibility="public" complexity="2" crap="2" count="11"/>
        <line num="79" type="stmt" count="11"/>
        <line num="81" type="stmt" count="11"/>
        <line num="87" type="method" name="hasAnyRole" visibility="public" complexity="1" crap="1" count="5"/>
        <line num="89" type="stmt" count="5"/>
        <line num="91" type="stmt" count="5"/>
        <line num="97" type="method" name="hasAllRoles" visibility="public" complexity="1" crap="1" count="1"/>
        <line num="99" type="stmt" count="1"/>
        <line num="100" type="stmt" count="1"/>
        <line num="102" type="stmt" count="1"/>
        <line num="109" type="method" name="roleNames" visibility="protected" complexity="2" crap="2" count="5"/>
        <line num="111" type="stmt" count="5"/>
        <line num="112" type="stmt" count="5"/>
        <line num="113" type="stmt" count="5"/>
        <line num="114" type="stmt" count="5"/>
        <line num="121" type="method" name="resolveRoleIds" visibility="protected" complexity="2" crap="2" count="22"/>
        <line num="123" type="stmt" count="22"/>
        <line num="124" type="stmt" count="22"/>
        <line num="125" type="stmt" count="22"/>
        <line num="126" type="stmt" count="22"/>
        <metrics loc="129" ncloc="94" classes="1" methods="10" coveredmethods="10" conditionals="0" coveredconditionals="0" statements="35" coveredstatements="35" elements="45" coveredelements="45"/>
      </file>
      <file name="/app/app/Vendor/Permission/src/Traits/HasRolesAndPermissions.php">
        <class name="Local\Permission\Traits\HasRolesAndPermissions" namespace="Local\Permission\Traits">
          <metrics complexity="6" methods="2" coveredmethods="2" conditionals="0" coveredconditionals="0" statements="17" coveredstatements="17" elements="19" coveredelements="19"/>
        </class>
        <line num="31" type="method" name="hasPermissionTo" visibility="public" complexity="5" crap="5" count="44"/>
        <line num="33" type="stmt" count="44"/>
        <line num="35" type="stmt" count="44"/>
        <line num="36" type="stmt" count="32"/>
        <line num="39" type="stmt" count="18"/>
        <line num="41" type="stmt" count="18"/>
        <line num="42" type="stmt" count="3"/>
        <line num="43" type="stmt" count="3"/>
        <line num="47" type="stmt" count="15"/>
        <line num="55" type="method" name="getAllPermissions" visibility="public" complexity="1" crap="1" count="7"/>
        <line num="57" type="stmt" count="7"/>
        <line num="59" type="stmt" count="7"/>
        <line num="60" type="stmt" count="7"/>
        <line num="61" type="stmt" count="7"/>
        <line num="63" type="stmt" count="7"/>
        <line num="64" type="stmt" count="7"/>
        <line num="65" type="stmt" count="7"/>
        <line num="66" type="stmt" count="7"/>
        <line num="67" type="stmt" count="7"/>
        <metrics loc="70" ncloc="50" classes="1" methods="2" coveredmethods="2" conditionals="0" coveredconditionals="0" statements="17" coveredstatements="17" elements="19" coveredelements="19"/>
      </file>
    </package>
    <metrics files="170" loc="10935" ncloc="9367" classes="134" methods="441" coveredmethods="315" conditionals="0" coveredconditionals="0" statements="3600" coveredstatements="2868" elements="4041" coveredelements="3183"/>
  </project>
</coverage>
